23:13:04: Creating resource group General
23:13:04: Creating resource group Internal
23:13:04: Creating resource group Autodetect
23:13:04: SceneManagerFactory for type 'DefaultSceneManager' registered.
23:13:04: Registering ResourceManager for type Material
23:13:04: Registering ResourceManager for type Mesh
23:13:04: Registering ResourceManager for type Skeleton
23:13:04: MovableObjectFactory for type 'ParticleSystem' registered.
23:13:04: ArchiveFactory for archive type FileSystem registered.
23:13:04: ArchiveFactory for archive type Zip registered.
23:13:04: ArchiveFactory for archive type EmbeddedZip registered.
23:13:04: DDS codec registering
23:13:04: FreeImage version: 3.17.0
23:13:04: This program uses FreeImage, a free, open source image library supporting all common bitmap formats. See http://freeimage.sourceforge.net for details
23:13:04: Supported formats: bmp,ico,jpg,jif,jpeg,jpe,jng,koa,iff,lbm,mng,pbm,pbm,pcd,pcx,pgm,pgm,png,ppm,ppm,ras,tga,targa,tif,tiff,wap,wbmp,wbm,psd,cut,xbm,xpm,gif,hdr,sgi,rgb,rgba,bw,exr,j2k,j2c,jp2,pfm,pct,pict,pic,3fr,arw,bay,bmq,cap,cine,cr2,crw,cs1,dc2,dcr,drf,dsc,dng,erf,fff,ia,iiq,k25,kc2,kdc,mdc,mef,mos,mrw,nef,nrw,orf,pef,ptx,pxn,qtk,raf,raw,rdc,rw2,rwl,rwz,sr2,srf,srw,sti,x3f,webp,jxr,wdp,hdp
23:13:04: Registering ResourceManager for type HighLevelGpuProgram
23:13:04: Registering ResourceManager for type Compositor
23:13:04: MovableObjectFactory for type 'Entity' registered.
23:13:04: MovableObjectFactory for type 'Light' registered.
23:13:04: MovableObjectFactory for type 'BillboardSet' registered.
23:13:04: MovableObjectFactory for type 'ManualObject' registered.
23:13:04: MovableObjectFactory for type 'BillboardChain' registered.
23:13:04: MovableObjectFactory for type 'RibbonTrail' registered.
23:13:04: Loading library /usr/lib64/OGRE/RenderSystem_GL
23:13:04: Installing plugin: GL RenderSystem
23:13:04: OpenGL Rendering Subsystem created.
23:13:04: Plugin successfully installed
23:13:04: Loading library /usr/lib64/OGRE/Plugin_ParticleFX
23:13:04: Installing plugin: ParticleFX
23:13:04: Particle Emitter Type 'Point' registered
23:13:04: Particle Emitter Type 'Box' registered
23:13:04: Particle Emitter Type 'Ellipsoid' registered
23:13:04: Particle Emitter Type 'Cylinder' registered
23:13:04: Particle Emitter Type 'Ring' registered
23:13:04: Particle Emitter Type 'HollowEllipsoid' registered
23:13:04: Particle Affector Type 'LinearForce' registered
23:13:04: Particle Affector Type 'ColourFader' registered
23:13:04: Particle Affector Type 'ColourFader2' registered
23:13:04: Particle Affector Type 'ColourImage' registered
23:13:04: Particle Affector Type 'ColourInterpolator' registered
23:13:04: Particle Affector Type 'Scaler' registered
23:13:04: Particle Affector Type 'Rotator' registered
23:13:04: Particle Affector Type 'DirectionRandomiser' registered
23:13:04: Particle Affector Type 'DeflectorPlane' registered
23:13:04: Plugin successfully installed
23:13:04: Loading library /usr/lib64/OGRE/Plugin_BSPSceneManager
23:13:04: Installing plugin: BSP Scene Manager
23:13:04: Plugin successfully installed
23:13:04: Loading library /usr/lib64/OGRE/Plugin_PCZSceneManager
23:13:04: Installing plugin: Portal Connected Zone Scene Manager
23:13:04: PCZone Factory Type 'ZoneType_Default' registered
23:13:04: Plugin successfully installed
23:13:04: Loading library /usr/lib64/OGRE/Plugin_OctreeZone
23:13:04: Installing plugin: Octree Zone Factory
23:13:04: Plugin successfully installed
23:13:04: Loading library /usr/lib64/OGRE/Plugin_OctreeSceneManager
23:13:04: Installing plugin: Octree Scene Manager
23:13:04: Plugin successfully installed
23:13:04: *-*-* OGRE Initialising
23:13:04: *-*-* Version 1.9.0 (Ghadamon)
23:13:04: OverlayElementFactory for type Panel registered.
23:13:04: OverlayElementFactory for type BorderPanel registered.
23:13:04: OverlayElementFactory for type TextArea registered.
23:13:04: Registering ResourceManager for type Font
23:13:04: Creating resource group Essential
23:13:04: Added resource location '/usr/share/OGRE/Media/thumbnails' of type 'FileSystem' to resource group 'Essential'
23:13:04: OGRE EXCEPTION(7:InternalErrorException): /usr/share/OGRE/Media/packs/SdkTrays.zip - error whilst opening archive: Unable to read zip file. in ZipArchive::checkZzipError at /builddir/build/BUILD/ogre-1.9.0/OgreMain/src/OgreZip.cpp (line 310)
